2019-10-24 16:36:52.688063 base/configuration.c:1237 < NB > Config, internal AuditFilePath:/opt/comptel/eventlink/base/control/253/2612/audit/1
2019-10-24 16:36:52.688145 base/configuration.c:1237 < NB > Config, internal AuditMaxFileSize:
2019-10-24 16:36:52.688154 base/configuration.c:1237 < NB > Config, internal PidFile:/opt/comptel/eventlink/base/control/253/2612/control/1/pidfile
2019-10-24 16:36:52.688160 base/configuration.c:1237 < NB > Config, internal HeartbeatFile:/opt/comptel/eventlink/base/control/253/2612/control/1/heartbeat
2019-10-24 16:36:52.688166 base/configuration.c:1237 < NB > Config, internal FlagFile:/opt/comptel/eventlink/base/control/253/2612/control/1/flagfile
2019-10-24 16:36:52.688171 base/configuration.c:1237 < NB > Config, internal StatusFile:/opt/comptel/eventlink/base/status/nodes/TogoCell_Nokia_MSsProcess_Stream.BLN_MSS.1.1
2019-10-24 16:36:52.688177 base/configuration.c:1237 < NB > Config, internal InfoFile:/opt/comptel/eventlink/base/control/253/2612/control/1/info
2019-10-24 16:36:52.688182 base/configuration.c:1237 < NB > Config, internal ControlFile:/opt/comptel/eventlink/base/control/253/2612/control/1/control
2019-10-24 16:36:52.688188 base/configuration.c:1237 < NB > Config, internal MessageFile:
2019-10-24 16:36:52.688193 base/configuration.c:1237 < NB > Config, internal NodeHeartbeatInterval:60
2019-10-24 16:36:52.688199 base/configuration.c:1237 < NB > Config, internal InternalStoragePath:/opt/comptel/eventlink/base/internal/nodes/253/2612/storage/1
2019-10-24 16:36:52.688204 base/configuration.c:1237 < NB > Config, internal TemporaryFilePath:/opt/comptel/eventlink/base/internal/nodes/253/2612/temp/1
2019-10-24 16:36:52.688210 base/configuration.c:1237 < NB > Config, internal DiscardedRecordsPath:/opt/comptel/eventlink/base/internal/nodes/253/2612/discarded
2019-10-24 16:36:52.688215 base/configuration.c:1237 < NB > Config, internal NodeId:2612
2019-10-24 16:36:52.688220 base/configuration.c:1237 < NB > Config, internal LogFilePath:/opt/comptel/eventlink/base/internal/nodes/253/2612/log/1
2019-10-24 16:36:52.688226 base/configuration.c:1237 < NB > Config, internal DiagnosticLevel:90,90,90
2019-10-24 16:36:52.688231 base/configuration.c:1237 < NB > Config, internal DiagnosticFiles:5
2019-10-24 16:36:52.688236 base/configuration.c:1237 < NB > Config, internal DiagnosticMessagesPerFile:50000
2019-10-24 16:36:52.688241 base/configuration.c:1237 < NB > Config, internal SpecialMode:DEBUG_NEXT
2019-10-24 16:36:52.688246 base/configuration.c:1237 < NB > Config, internal ApplicationFilePath:/opt/comptel/eventlink/base/control/253/2612/bin
2019-10-24 16:36:52.688251 base/configuration.c:1237 < NB > Config, internal Schedule:
2019-10-24 16:36:52.688256 base/configuration.c:1237 < NB > Config, internal SynchronisedCommit:0
2019-10-24 16:36:52.688261 base/configuration.c:1237 < NB > Config, internal ZeroThreshold:30
2019-10-24 16:36:52.688266 base/configuration.c:1237 < NB > Config, internal ZeroThresholdHighWater:
2019-10-24 16:36:52.688272 base/configuration.c:1237 < NB > Config, internal CommitOnSignal:
2019-10-24 16:36:52.688277 base/configuration.c:1237 < NB > Config, internal AutoReprocessing:
2019-10-24 16:36:52.688282 base/configuration.c:1237 < NB > Config, internal ReprocessingFilePath:/opt/comptel/eventlink/base/internal/nodes/253/2612/reprocess
2019-10-24 16:36:52.688287 base/configuration.c:1237 < NB > Config, internal SourceId:
2019-10-24 16:36:52.688293 base/configuration.c:1237 < NB > Config, internal DestinationId:
2019-10-24 16:36:52.688299 base/configuration.c:1237 < NB > Config, internal InputPollInterval:
2019-10-24 16:36:52.688304 base/configuration.c:1237 < NB > Config, internal MessageLimit:
2019-10-24 16:36:52.688310 base/configuration.c:1237 < NB > Config, internal ApplicationCommit:0
2019-10-24 16:36:52.688316 base/configuration.c:1237 < NB > Config, internal CommitInterval:0
2019-10-24 16:36:52.688321 base/configuration.c:1237 < NB > Config, internal ScalabilityHashFields:
2019-10-24 16:36:52.688327 base/configuration.c:1237 < NB > Config, internal ParallelNodes:1
2019-10-24 16:36:52.688332 base/configuration.c:1237 < NB > Config, internal NodeNumber:1
2019-10-24 16:36:52.688341 base/configuration.c:1237 < NB > Config, internal LockFilePollInterval:
2019-10-24 16:36:52.688347 base/configuration.c:1237 < NB > Config, internal AuditKeys:
2019-10-24 16:36:52.688352 base/configuration.c:1237 < NB > Config, internal InputBufferSize:
2019-10-24 16:36:52.688357 base/configuration.c:1237 < NB > Config, internal OutputBufferSize:
2019-10-24 16:36:52.688482 base/configuration.c:1237 < NB > Config, internal SubdirectoryFileCount:
2019-10-24 16:36:52.688497 base/configuration.c:1237 < NB > Config, internal ProcessEmptyFiles:
2019-10-24 16:36:52.688504 base/configuration.c:1237 < NB > Config, internal EnableLatencyTrace:
2019-10-24 16:36:52.688514 base/configuration.c:1237 < NB > Config, internal ReportLatencyTrace:
2019-10-24 16:36:52.688520 base/configuration.c:1237 < NB > Config, internal LatencyTraceLog:
2019-10-24 16:36:52.688524 base/configuration.c:1237 < NB > Config, internal LatencyTraceLogSeparator:
2019-10-24 16:36:52.688528 base/configuration.c:1237 < NB > Config, internal NodeType:businesslogic
2019-10-24 16:36:52.688532 base/configuration.c:1237 < NB > Config, internal MaxInputFileListSize:
2019-10-24 16:36:52.688537 base/configuration.c:1237 < NB > Config, internal PingOutputLinks:
2019-10-24 16:36:52.688541 base/configuration.c:1237 < NB > Config, internal PingResponseCount:0
2019-10-24 16:36:52.688545 base/configuration.c:1237 < NB > Config, internal PingHopLimit:0
2019-10-24 16:36:52.688549 base/configuration.c:1237 < NB > Config, internal KafkaRejectedPath:
2019-10-24 16:36:52.688553 base/configuration.c:1237 < NB > Config, internal KafkaAuditPath:
2019-10-24 16:36:52.688557 base/configuration.c:1237 < NB > Config, internal KafkaReprocessPath:
2019-10-24 16:36:52.688566 base/configuration.c:1287 < NB > Commit on end-signal: FALSE
2019-10-24 16:36:52.688572 base/configuration.c:249 < NB > Add IN path: #:/opt/comptel/eventlink/base/internal/nodes/253/2612/reprocess
2019-10-24 16:36:52.688577 base/nb_alloc.c:19 < NB > Allocate 2 bytes, base/nb_alloc.c:68
2019-10-24 16:36:52.688582 base/nb_alloc.c:19 < NB > Allocate 62 bytes, base/nb_alloc.c:68
2019-10-24 16:36:52.688586 base/configuration.c:392 < NB > This is a file link
2019-10-24 16:36:52.688594 base/configuration.c:395 < NB > Config indatapath (2) /opt/comptel/eventlink/base/internal/nodes/253/2612/reprocess:# (file) Link number:-1, Writing Node ID: -1
2019-10-24 16:36:52.688599 base/configuration.c:1346 < NB > Parallel mode in use
2019-10-24 16:36:52.688604 base/configuration.c:1349 < NB > Parallel nodes 1, nodenumber 1
2019-10-24 16:36:52.688608 base/configuration.c:1369 < NB > AuditMaxFileSize: kB -> 1048576 bytes
2019-10-24 16:36:52.688779 base/nodebase.c:1977 < NB > Heartbeat updated to 1571924212+60
2019-10-24 16:36:52.688787 base/nb_alloc.c:19 < NB > Allocate 896 bytes, base/audit.c:2266
2019-10-24 16:36:52.688792 base/nb_alloc.c:19 < NB > Allocate 896 bytes, base/audit.c:2273
2019-10-24 16:36:52.688860 base/nodebase.c:163 < NB > Event message 4 : Node starting up, pid 14771
2019-10-24 16:36:52.688867 base/nodebase.c:182 < NB > Audit file is not open, opening a new one
2019-10-24 16:36:52.688872 base/nodebase.c:2698 < NB > Opening a new audit file
2019-10-24 16:36:52.688922 base/nodebase.c:2731 < NB > Checking if file /opt/comptel/eventlink/base/control/253/2612/audit/1/audit_1571924212_2612-1s1_writing already exists...
2019-10-24 16:36:52.688947 base/file_interface.c:1670 < NB > Checking if file /opt/comptel/eventlink/base/control/253/2612/audit/1/audit_1571924212_2612-1s1_writing (fullname /opt/comptel/eventlink/base/control/253/2612/audit/1/audit_1571924212_2612-1s1_writing) exists
2019-10-24 16:36:52.688967 base/file_interface.c:1674 < NB > ...does not exist
2019-10-24 16:36:52.688972 base/file_interface.c:274 < NB > Opening file '/opt/comptel/eventlink/base/control/253/2612/audit/1/audit_1571924212_2612-1s1_writing', flags:23, tag:AUDIT
2019-10-24 16:36:52.688977 base/file_interface.c:300 < NB > ...file slot is 0
2019-10-24 16:36:52.688984 base/file_interface.c:219 < NB > Get the buffer size for a file to be opened
2019-10-24 16:36:52.688988 base/file_interface.c:304 < NB > .. size is 65536
2019-10-24 16:36:52.688993 base/nb_alloc.c:19 < NB > Allocate 65537 bytes, base/nb_file_buffer.c:71
2019-10-24 16:36:52.689024 base/nb_file_buffer.c:831 < NB > Opening non-record file /opt/comptel/eventlink/base/control/253/2612/audit/1/audit_1571924212_2612-1s1_writing,   read+write
2019-10-24 16:36:52.689069 base/nb_file_buffer.c:835 < NB > Open returned 7, errno 2
2019-10-24 16:36:52.689074 base/file_interface.c:335 < NB > ...file open successful
2019-10-24 16:36:52.689079 base/nodebase.c:2750 < NB > Audit file /opt/comptel/eventlink/base/control/253/2612/audit/1/audit_1571924212_2612-1s1_writing successfully opened
2019-10-24 16:36:52.689084 base/file_interface.c:1235 < NB > Writing a data to file 0, 7 bytes
2019-10-24 16:36:52.689093 base/file_interface.c:1235 < NB > Writing a data to file 0, 4 bytes
2019-10-24 16:36:52.689098 base/file_interface.c:1235 < NB > Writing a data to file 0, 1 bytes
2019-10-24 16:36:52.689105 base/nodebase.c:233 < NB > ...message number 0, limit is 500
2019-10-24 16:36:52.689109 base/file_interface.c:1235 < NB > Writing a data to file 0, 52 bytes
2019-10-24 16:36:52.689114 base/nodebase.c:163 < NB > Event message 4 : Environment variables:
2019-10-24 16:36:52.689119 base/nodebase.c:233 < NB > ...message number 0, limit is 500
2019-10-24 16:36:52.689123 base/file_interface.c:1235 < NB > Writing a data to file 0, 47 bytes
2019-10-24 16:36:52.689127 base/nodebase.c:163 < NB > Event message 4 : PATH=/bin:/usr/bin:/opt/comptel/eventlink/base/bin:$PATH
2019-10-24 16:36:52.689132 base/nodebase.c:233 < NB > ...message number 0, limit is 500
2019-10-24 16:36:52.689136 base/file_interface.c:1235 < NB > Writing a data to file 0, 81 bytes
2019-10-24 16:36:52.689141 base/nodebase.c:163 < NB > Event message 4 : EVENTLINK_HOME=/opt/comptel/eventlink/base
2019-10-24 16:36:52.689145 base/nodebase.c:233 < NB > ...message number 0, limit is 500
2019-10-24 16:36:52.689149 base/file_interface.c:1235 < NB > Writing a data to file 0, 67 bytes
2019-10-24 16:36:52.689153 base/nodebase.c:163 < NB > Event message 4 : RCFILE=/opt/comptel/eventlink/.mds.rc
2019-10-24 16:36:52.689158 base/nodebase.c:233 < NB > ...message number 0, limit is 500
2019-10-24 16:36:52.689162 base/file_interface.c:1235 < NB > Writing a data to file 0, 62 bytes
2019-10-24 16:36:52.689166 base/nodebase.c:163 < NB > Event message 4 : HOSTNAME=el8.comptel.com
2019-10-24 16:36:52.689171 base/nodebase.c:233 < NB > ...message number 0, limit is 500
2019-10-24 16:36:52.689175 base/file_interface.c:1235 < NB > Writing a data to file 0, 49 bytes
2019-10-24 16:36:52.689180 base/nodebase.c:163 < NB > Event message 4 : LD_LIBRARY_PATH=/opt/comptel/eventlink/base/control/253/2612/bin:/opt/comptel/eventlink/base/lib:/opt/comptel/eventlink/perl/5.8.9/lib/5.8.9/x86_64-linux-thread-multi/CORE:/usr/lib/jvm/jre-1.8.0/lib/amd64/server:/opt/comptel/TimesTen/eventlink_timesten/lib:$LD_LIBRARY_PATH
2019-10-24 16:36:52.689185 base/nodebase.c:233 < NB > ...message number 0, limit is 500
2019-10-24 16:36:52.689189 base/file_interface.c:1235 < NB > Writing a data to file 0, 298 bytes
2019-10-24 16:36:52.689195 base/nodebase.c:163 < NB > Event message 4 : TZ=Europe/Helsinki
2019-10-24 16:36:52.689199 base/nodebase.c:233 < NB > ...message number 0, limit is 500
2019-10-24 16:36:52.689203 base/file_interface.c:1235 < NB > Writing a data to file 0, 43 bytes
2019-10-24 16:36:52.689208 base/nodebase.c:163 < NB > Event message 4 : USER=comptel
2019-10-24 16:36:52.689212 base/nodebase.c:233 < NB > ...message number 0, limit is 500
2019-10-24 16:36:52.689216 base/file_interface.c:1235 < NB > Writing a data to file 0, 37 bytes
2019-10-24 16:36:52.689221 base/nodebase.c:163 < NB > Event message 4 : PERL5LIB=/opt/comptel/eventlink/base/control/253/2612/bin:/opt/comptel/eventlink/perl/5.8.9/lib/5.8.9
2019-10-24 16:36:52.689225 base/nodebase.c:233 < NB > ...message number 0, limit is 500
2019-10-24 16:36:52.689229 base/file_interface.c:1235 < NB > Writing a data to file 0, 126 bytes
2019-10-24 16:36:52.689237 base/nodebase.c:163 < NB > Event message 4 : Internal parameter: InDataPath	DECODED_NOKIA:/opt/comptel/eventlink/base/buffer/253/DECODED_NOKIA_0_2587
2019-10-24 16:36:52.689242 base/nodebase.c:233 < NB > ...message number 0, limit is 500
2019-10-24 16:36:52.689246 base/file_interface.c:1235 < NB > Writing a data to file 0, 129 bytes
2019-10-24 16:36:52.689251 base/nodebase.c:163 < NB > Event message 4 : Internal parameter: OutDataPath	SUREPAY:/opt/comptel/eventlink/base/buffer/253/SUREPAY_0_2612
2019-10-24 16:36:52.689256 base/nodebase.c:233 < NB > ...message number 0, limit is 500
2019-10-24 16:36:52.689260 base/file_interface.c:1235 < NB > Writing a data to file 0, 118 bytes
2019-10-24 16:36:52.689265 base/nodebase.c:163 < NB > Event message 4 : Internal parameter: OutDataPath	PRM:/opt/comptel/eventlink/base/buffer/253/PRM_0_2612
2019-10-24 16:36:52.689270 base/nodebase.c:233 < NB > ...message number 0, limit is 500
2019-10-24 16:36:52.689274 base/file_interface.c:1235 < NB > Writing a data to file 0, 110 bytes
2019-10-24 16:36:52.689279 base/nodebase.c:163 < NB > Event message 4 : Internal parameter: RejectedDataPath	INVALID_TIMESTAMP:/opt/comptel/eventlink/base/internal/nodes/253/2612/rejected/INVALID_TIMESTAMP
2019-10-24 16:36:52.689284 base/nodebase.c:233 < NB > ...message number 0, limit is 500
2019-10-24 16:36:52.689288 base/file_interface.c:1235 < NB > Writing a data to file 0, 158 bytes
2019-10-24 16:36:52.689295 base/nodebase.c:163 < NB > Event message 4 : Internal parameter: RejectedDataPath	MISSING_FIELDS:/opt/comptel/eventlink/base/internal/nodes/253/2612/rejected/MISSING_FIELDS
2019-10-24 16:36:52.689300 base/nodebase.c:233 < NB > ...message number 0, limit is 500
2019-10-24 16:36:52.689304 base/file_interface.c:1235 < NB > Writing a data to file 0, 152 bytes
2019-10-24 16:36:52.689377 base/nodebase.c:163 < NB > Event message 4 : Internal parameter: ZeroThreshold	30
2019-10-24 16:36:52.689389 base/nodebase.c:233 < NB > ...message number 0, limit is 500
2019-10-24 16:36:52.689395 base/file_interface.c:1235 < NB > Writing a data to file 0, 61 bytes
2019-10-24 16:36:52.689401 base/nodebase.c:163 < NB > Event message 4 : Internal parameter: SynchronisedCommit	0
2019-10-24 16:36:52.689409 base/nodebase.c:233 < NB > ...message number 0, limit is 500
2019-10-24 16:36:52.689416 base/file_interface.c:1235 < NB > Writing a data to file 0, 65 bytes
2019-10-24 16:36:52.689421 base/nodebase.c:163 < NB > Event message 4 : Internal parameter: LogFilePath	/opt/comptel/eventlink/base/internal/nodes/253/2612/log/1
2019-10-24 16:36:52.689426 base/nodebase.c:233 < NB > ...message number 0, limit is 500
2019-10-24 16:36:52.689430 base/file_interface.c:1235 < NB > Writing a data to file 0, 114 bytes
2019-10-24 16:36:52.689435 base/nodebase.c:163 < NB > Event message 4 : Internal parameter: DiagnosticMessagesPerFile	50000
2019-10-24 16:36:52.689440 base/nodebase.c:233 < NB > ...message number 0, limit is 500
2019-10-24 16:36:52.689444 base/file_interface.c:1235 < NB > Writing a data to file 0, 76 bytes
2019-10-24 16:36:52.689449 base/nodebase.c:163 < NB > Event message 4 : Internal parameter: ReprocessingFilePath	/opt/comptel/eventlink/base/internal/nodes/253/2612/reprocess
2019-10-24 16:36:52.689454 base/nodebase.c:233 < NB > ...message number 0, limit is 500
2019-10-24 16:36:52.689458 base/file_interface.c:1235 < NB > Writing a data to file 0, 127 bytes
2019-10-24 16:36:52.689462 base/nodebase.c:163 < NB > Event message 4 : Internal parameter: ApplicationCommit	0
2019-10-24 16:36:52.689467 base/nodebase.c:233 < NB > ...message number 0, limit is 500
2019-10-24 16:36:52.689471 base/file_interface.c:1235 < NB > Writing a data to file 0, 64 bytes
2019-10-24 16:36:52.689476 base/nodebase.c:163 < NB > Event message 4 : Internal parameter: PidFile	/opt/comptel/eventlink/base/control/253/2612/control/1/pidfile
2019-10-24 16:36:52.689481 base/nodebase.c:233 < NB > ...message number 0, limit is 500
2019-10-24 16:36:52.689485 base/file_interface.c:1235 < NB > Writing a data to file 0, 115 bytes
2019-10-24 16:36:52.689493 base/nodebase.c:163 < NB > Event message 4 : Internal parameter: ParallelNodes	1
2019-10-24 16:36:52.689498 base/nodebase.c:233 < NB > ...message number 0, limit is 500
2019-10-24 16:36:52.689502 base/file_interface.c:1235 < NB > Writing a data to file 0, 60 bytes
2019-10-24 16:36:52.689507 base/nodebase.c:163 < NB > Event message 4 : Internal parameter: NodeNumber	1
2019-10-24 16:36:52.689512 base/nodebase.c:233 < NB > ...message number 0, limit is 500
2019-10-24 16:36:52.689516 base/file_interface.c:1235 < NB > Writing a data to file 0, 57 bytes
2019-10-24 16:36:52.689520 base/nodebase.c:163 < NB > Event message 4 : Internal parameter: AuditKeys	
2019-10-24 16:36:52.689525 base/nodebase.c:233 < NB > ...message number 0, limit is 500
2019-10-24 16:36:52.689529 base/file_interface.c:1235 < NB > Writing a data to file 0, 55 bytes
2019-10-24 16:36:52.689534 base/nodebase.c:163 < NB > Event message 4 : Internal parameter: ApplicationFilePath	/opt/comptel/eventlink/base/control/253/2612/bin
2019-10-24 16:36:52.689539 base/nodebase.c:233 < NB > ...message number 0, limit is 500
2019-10-24 16:36:52.689543 base/file_interface.c:1235 < NB > Writing a data to file 0, 113 bytes
2019-10-24 16:36:52.689547 base/nodebase.c:163 < NB > Event message 4 : Internal parameter: TemporaryFilePath	/opt/comptel/eventlink/base/internal/nodes/253/2612/temp/1
2019-10-24 16:36:52.689552 base/nodebase.c:233 < NB > ...message number 0, limit is 500
2019-10-24 16:36:52.689556 base/file_interface.c:1235 < NB > Writing a data to file 0, 121 bytes
2019-10-24 16:36:52.689561 base/nodebase.c:163 < NB > Event message 4 : Internal parameter: ControlFile	/opt/comptel/eventlink/base/control/253/2612/control/1/control
2019-10-24 16:36:52.689566 base/nodebase.c:233 < NB > ...message number 0, limit is 500
2019-10-24 16:36:52.689570 base/file_interface.c:1235 < NB > Writing a data to file 0, 119 bytes
2019-10-24 16:36:52.689574 base/nodebase.c:163 < NB > Event message 4 : Internal parameter: SpecialMode	DEBUG_NEXT
2019-10-24 16:36:52.689579 base/nodebase.c:233 < NB > ...message number 0, limit is 500
2019-10-24 16:36:52.689583 base/file_interface.c:1235 < NB > Writing a data to file 0, 67 bytes
2019-10-24 16:36:52.689588 base/nodebase.c:163 < NB > Event message 4 : Internal parameter: NodeId	2612
2019-10-24 16:36:52.689592 base/nodebase.c:233 < NB > ...message number 0, limit is 500
2019-10-24 16:36:52.689596 base/file_interface.c:1235 < NB > Writing a data to file 0, 56 bytes
2019-10-24 16:36:52.689601 base/nodebase.c:163 < NB > Event message 4 : Internal parameter: AuditFilePath	/opt/comptel/eventlink/base/control/253/2612/audit/1
2019-10-24 16:36:52.689606 base/nodebase.c:233 < NB > ...message number 0, limit is 500
2019-10-24 16:36:52.689610 base/file_interface.c:1235 < NB > Writing a data to file 0, 111 bytes
2019-10-24 16:36:52.689614 base/nodebase.c:163 < NB > Event message 4 : Internal parameter: NodeHeartbeatInterval	60
2019-10-24 16:36:52.689619 base/nodebase.c:233 < NB > ...message number 0, limit is 500
2019-10-24 16:36:52.689623 base/file_interface.c:1235 < NB > Writing a data to file 0, 69 bytes
2019-10-24 16:36:52.689628 base/nodebase.c:163 < NB > Event message 4 : Internal parameter: PingResponseCount	0
2019-10-24 16:36:52.689633 base/nodebase.c:233 < NB > ...message number 0, limit is 500
2019-10-24 16:36:52.689637 base/file_interface.c:1235 < NB > Writing a data to file 0, 64 bytes
2019-10-24 16:36:52.689641 base/nodebase.c:163 < NB > Event message 4 : Internal parameter: InternalStoragePath	/opt/comptel/eventlink/base/internal/nodes/253/2612/storage/1
2019-10-24 16:36:52.689646 base/nodebase.c:233 < NB > ...message number 0, limit is 500
2019-10-24 16:36:52.689650 base/file_interface.c:1235 < NB > Writing a data to file 0, 126 bytes
2019-10-24 16:36:52.689655 base/nodebase.c:163 < NB > Event message 4 : Internal parameter: PingHopLimit	0
2019-10-24 16:36:52.689659 base/nodebase.c:233 < NB > ...message number 0, limit is 500
2019-10-24 16:36:52.689663 base/file_interface.c:1235 < NB > Writing a data to file 0, 59 bytes
2019-10-24 16:36:52.689671 base/nodebase.c:163 < NB > Event message 4 : Internal parameter: FlagFile	/opt/comptel/eventlink/base/control/253/2612/control/1/flagfile
2019-10-24 16:36:52.689676 base/nodebase.c:233 < NB > ...message number 0, limit is 500
2019-10-24 16:36:52.689680 base/file_interface.c:1235 < NB > Writing a data to file 0, 117 bytes
2019-10-24 16:36:52.689684 base/nodebase.c:163 < NB > Event message 4 : Internal parameter: DestinationId	
2019-10-24 16:36:52.689689 base/nodebase.c:233 < NB > ...message number 0, limit is 500
2019-10-24 16:36:52.689693 base/file_interface.c:1235 < NB > Writing a data to file 0, 59 bytes
2019-10-24 16:36:52.689698 base/nodebase.c:163 < NB > Event message 4 : Internal parameter: DiscardedRecordsPath	/opt/comptel/eventlink/base/internal/nodes/253/2612/discarded
2019-10-24 16:36:52.689703 base/nodebase.c:233 < NB > ...message number 0, limit is 500
2019-10-24 16:36:52.689707 base/file_interface.c:1235 < NB > Writing a data to file 0, 127 bytes
2019-10-24 16:36:52.689711 base/nodebase.c:163 < NB > Event message 4 : Internal parameter: InfoFile	/opt/comptel/eventlink/base/control/253/2612/control/1/info
2019-10-24 16:36:52.689716 base/nodebase.c:233 < NB > ...message number 0, limit is 500
2019-10-24 16:36:52.689720 base/file_interface.c:1235 < NB > Writing a data to file 0, 113 bytes
2019-10-24 16:36:52.689725 base/nodebase.c:163 < NB > Event message 4 : Internal parameter: StatusFile	/opt/comptel/eventlink/base/status/nodes/TogoCell_Nokia_MSsProcess_Stream.BLN_MSS.1.1
2019-10-24 16:36:52.689730 base/nodebase.c:233 < NB > ...message number 0, limit is 500
2019-10-24 16:36:52.689734 base/file_interface.c:1235 < NB > Writing a data to file 0, 141 bytes
2019-10-24 16:36:52.689738 base/nodebase.c:163 < NB > Event message 4 : Internal parameter: DiagnosticFiles	5
2019-10-24 16:36:52.689743 base/nodebase.c:233 < NB > ...message number 0, limit is 500
2019-10-24 16:36:52.689747 base/file_interface.c:1235 < NB > Writing a data to file 0, 62 bytes
2019-10-24 16:36:52.689752 base/nodebase.c:163 < NB > Event message 4 : Internal parameter: SourceId	
2019-10-24 16:36:52.689757 base/nodebase.c:233 < NB > ...message number 0, limit is 500
2019-10-24 16:36:52.689761 base/file_interface.c:1235 < NB > Writing a data to file 0, 54 bytes
2019-10-24 16:36:52.689765 base/nodebase.c:163 < NB > Event message 4 : Internal parameter: HeartbeatFile	/opt/comptel/eventlink/base/control/253/2612/control/1/heartbeat
2019-10-24 16:36:52.689771 base/nodebase.c:233 < NB > ...message number 0, limit is 500
2019-10-24 16:36:52.689779 base/file_interface.c:1235 < NB > Writing a data to file 0, 123 bytes
2019-10-24 16:36:52.689787 base/nodebase.c:163 < NB > Event message 4 : Internal parameter: NodeType	businesslogic
2019-10-24 16:36:52.689795 base/nodebase.c:233 < NB > ...message number 0, limit is 500
2019-10-24 16:36:52.689800 base/file_interface.c:1235 < NB > Writing a data to file 0, 67 bytes
2019-10-24 16:36:52.689806 base/nodebase.c:163 < NB > Event message 4 : Internal parameter: CommitInterval	0
2019-10-24 16:36:52.689813 base/nodebase.c:233 < NB > ...message number 0, limit is 500
2019-10-24 16:36:52.689819 base/file_interface.c:1235 < NB > Writing a data to file 0, 61 bytes
2019-10-24 16:36:52.689825 base/nodebase.c:163 < NB > Event message 4 : Internal parameter: DiagnosticLevel	90,90,90
2019-10-24 16:36:52.689832 base/nodebase.c:233 < NB > ...message number 0, limit is 500
2019-10-24 16:36:52.689837 base/file_interface.c:1235 < NB > Writing a data to file 0, 69 bytes
2019-10-24 16:36:52.689844 base/nodebase.c:163 < NB > Event message 4 : Internal parameter: MessageFile	/opt/comptel/eventlink/base/control/253/2612/control/1/messages
2019-10-24 16:36:52.689851 base/nodebase.c:233 < NB > ...message number 0, limit is 500
2019-10-24 16:36:52.689856 base/file_interface.c:1235 < NB > Writing a data to file 0, 120 bytes
2019-10-24 16:36:52.689869 base/nodebase.c:2015 < NB > Status message, state 13, message <null>
2019-10-24 16:36:52.689985 base/nodebase.c:2072 < NB > ...new state is:1571924212 INIT 
2019-10-24 16:36:52.690002 base/nodebase.c:2080 < NB > ...state successfully written

2019-10-24 16:36:52.690021 base/nodebase.c:2088 < NB > ...statefile successfully closed
2019-10-24 16:36:52.690105 base/file_interface.c:1670 < NB > Checking if file /opt/comptel/eventlink/base/control/253/2612/bin//custom_commit (fullname /opt/comptel/eventlink/base/control/253/2612/bin//custom_commit) exists
2019-10-24 16:36:52.690117 base/file_interface.c:1674 < NB > ...does not exist
2019-10-24 16:36:52.690131 base/nodebase.c:3625 < NB > Running recovery prodedures...
2019-10-24 16:36:52.690137 base/file_interface.c:1670 < NB > Checking if file storage.1 (fullname /opt/comptel/eventlink/base/internal/nodes/253/2612/storage/1//storage.1) exists
2019-10-24 16:36:52.690145 base/file_interface.c:1674 < NB > ...does not exist
2019-10-24 16:36:52.690150 base/file_interface.c:1670 < NB > Checking if file storage.2 (fullname /opt/comptel/eventlink/base/internal/nodes/253/2612/storage/1//storage.2) exists
2019-10-24 16:36:52.690158 base/file_interface.c:1678 < NB > ...exists
2019-10-24 16:36:52.690164 base/file_interface.c:1670 < NB > Checking if file storage.2_writing (fullname /opt/comptel/eventlink/base/internal/nodes/253/2612/storage/1//storage.2_writing) exists
2019-10-24 16:36:52.690170 base/file_interface.c:1674 < NB > ...does not exist
2019-10-24 16:36:52.690175 base/file_interface.c:1670 < NB > Checking if file storage.2 (fullname /opt/comptel/eventlink/base/internal/nodes/253/2612/storage/1//storage.2) exists
2019-10-24 16:36:52.690182 base/file_interface.c:1678 < NB > ...exists
2019-10-24 16:36:52.690189 base/file_interface.c:274 < NB > Opening file 'storage.2', flags:1, tag:STORAGE
2019-10-24 16:36:52.690194 base/file_interface.c:118 < NB > Resizing file array to 2
2019-10-24 16:36:52.690198 base/nb_alloc.c:38 < NB > Reallocate 8688 bytes, base/file_interface.c:131
2019-10-24 16:36:52.690203 base/file_interface.c:300 < NB > ...file slot is 1
2019-10-24 16:36:52.690207 base/file_interface.c:219 < NB > Get the buffer size for a file to be opened
2019-10-24 16:36:52.690211 base/file_interface.c:304 < NB > .. size is 65536
2019-10-24 16:36:52.690216 base/nb_alloc.c:19 < NB > Allocate 65537 bytes, base/nb_file_buffer.c:71
2019-10-24 16:36:52.690260 base/nb_file_buffer.c:831 < NB > Opening non-record file /opt/comptel/eventlink/base/internal/nodes/253/2612/storage/1//storage.2, 
2019-10-24 16:36:52.690269 base/nb_file_buffer.c:835 < NB > Open returned 8, errno 2
2019-10-24 16:36:52.690274 base/file_interface.c:335 < NB > ...file open successful
2019-10-24 16:36:52.690278 base/file_interface.c:1096 < NB > Reading a line of data from file 1
2019-10-24 16:36:52.690282 base/file_interface.c:1107 < NB > ...reading from file '/opt/comptel/eventlink/base/internal/nodes/253/2612/storage/1//storage.2', filepos:0, buffer pos:0, buffer contents:0
2019-10-24 16:36:52.690286 base/file_interface.c:1111 < NB > ...read operation reached end of file
2019-10-24 16:36:52.690291 base/nb_file_buffer.c:108 < NB > Filling input buffer, size:65536, pos:0, filepos:0
2019-10-24 16:36:52.690296 base/nb_file_buffer.c:151 < NB > Read 146 bytes into input buffer
2019-10-24 16:36:52.690300 base/nb_file_buffer.c:156 < NB > End of file reached
2019-10-24 16:36:52.690304 base/nb_file_buffer.c:166 < NB > ...contents now:146, size:65536, pos:0, filepos:146
2019-10-24 16:36:52.690309 base/file_interface.c:1120 < NB > start at pos: 0
2019-10-24 16:36:52.690342 base/file_interface.c:1164 < NB > fb->pos: 105
2019-10-24 16:36:52.690354 base/storage.cc:317 < NB > nb_store_load('#','AUDIT '/opt/comptel/eventlink/base/control/253/2612/audit/1/audit_1571920356_2612-1s1_writing' '-----'')
2019-10-24 16:36:52.690388 base/file_interface.c:1096 < NB > Reading a line of data from file 1
2019-10-24 16:36:52.690394 base/file_interface.c:1107 < NB > ...reading from file '/opt/comptel/eventlink/base/internal/nodes/253/2612/storage/1//storage.2', filepos:146, buffer pos:105, buffer contents:146
2019-10-24 16:36:52.690399 base/file_interface.c:1120 < NB > start at pos: 105
2019-10-24 16:36:52.690414 base/file_interface.c:1164 < NB > fb->pos: 146
2019-10-24 16:36:52.690420 base/storage.cc:317 < NB > nb_store_load('#','RENAME 'storage.2_writing' 'storage.2'')
2019-10-24 16:36:52.690438 base/file_interface.c:767 < NB > Closing file in slot 1
2019-10-24 16:36:52.690444 base/nb_file_buffer.c:631 < NB > Closing file /opt/comptel/eventlink/base/internal/nodes/253/2612/storage/1//storage.2, 
2019-10-24 16:36:52.690448 base/nb_file_buffer.c:643 < NB > start mummap...is_rec: 0
2019-10-24 16:36:52.690463 base/commit.c:498 < NB > Executing commit orders...
2019-10-24 16:36:52.690590 base/storage.cc:204 < NB > nb_store_pop('#') called
2019-10-24 16:36:52.690606 base/storage.cc:218 < NB > ...found AUDIT '/opt/comptel/eventlink/base/control/253/2612/audit/1/audit_1571920356_2612-1s1_writing' '-----'
2019-10-24 16:36:52.690610 base/commit.c:527 < NB > Processing commit order: AUDIT '/opt/comptel/eventlink/base/control/253/2612/audit/1/audit_1571920356_2612-1s1_writing' '-----'
2019-10-24 16:36:52.690651 base/commit.c:608 < NB > Audit cmd: AUDIT '/opt/comptel/eventlink/base/control/253/2612/audit/1/audit_1571920356_2612-1s1_writing' '-----'
2019-10-24 16:36:52.690656 base/storage.cc:204 < NB > nb_store_pop('#') called
2019-10-24 16:36:52.690661 base/storage.cc:218 < NB > ...found RENAME 'storage.2_writing' 'storage.2'
2019-10-24 16:36:52.690665 base/commit.c:527 < NB > Processing commit order: RENAME 'storage.2_writing' 'storage.2'
2019-10-24 16:36:52.690701 base/storage.cc:204 < NB > nb_store_pop('#') called
2019-10-24 16:36:52.690706 base/storage.cc:210 < NB > ...not found
2019-10-24 16:36:52.690710 base/nodebase.c:3653 < NB > Recovering files
2019-10-24 16:36:52.690714 base/nodebase.c:3092 < NB > Opening partial output files...
2019-10-24 16:36:52.690719 base/file_interface.c:703 < NB > Searching for open file with tag #Ob:SUREPAY
2019-10-24 16:36:52.690724 base/file_interface.c:714 < NB > ...not found
2019-10-24 16:36:52.690728 base/nodebase.c:3111 < NB > ...no partial binary output file for link SUREPAY
2019-10-24 16:36:52.690732 base/file_interface.c:703 < NB > Searching for open file with tag #Oi:SUREPAY
2019-10-24 16:36:52.690736 base/file_interface.c:714 < NB > ...not found
2019-10-24 16:36:52.690740 base/nodebase.c:3134 < NB > ...no partial internal file for link SUREPAY
2019-10-24 16:36:52.690744 base/file_interface.c:703 < NB > Searching for open file with tag #Ob:PRM
2019-10-24 16:36:52.690747 base/file_interface.c:714 < NB > ...not found
2019-10-24 16:36:52.690751 base/nodebase.c:3111 < NB > ...no partial binary output file for link PRM
2019-10-24 16:36:52.690755 base/file_interface.c:703 < NB > Searching for open file with tag #Oi:PRM
2019-10-24 16:36:52.690759 base/file_interface.c:714 < NB > ...not found
2019-10-24 16:36:52.690763 base/nodebase.c:3134 < NB > ...no partial internal file for link PRM
2019-10-24 16:36:52.690767 base/file_interface.c:703 < NB > Searching for open file with tag #Ob:#INVALID_TIMESTAMP
2019-10-24 16:36:52.690771 base/file_interface.c:714 < NB > ...not found
2019-10-24 16:36:52.690775 base/nodebase.c:3111 < NB > ...no partial binary output file for link #INVALID_TIMESTAMP
2019-10-24 16:36:52.690779 base/file_interface.c:703 < NB > Searching for open file with tag #Oi:#INVALID_TIMESTAMP
2019-10-24 16:36:52.690783 base/file_interface.c:714 < NB > ...not found
2019-10-24 16:36:52.690786 base/nodebase.c:3134 < NB > ...no partial internal file for link #INVALID_TIMESTAMP
2019-10-24 16:36:52.690791 base/file_interface.c:703 < NB > Searching for open file with tag #Ob:#MISSING_FIELDS
2019-10-24 16:36:52.690794 base/file_interface.c:714 < NB > ...not found
2019-10-24 16:36:52.690798 base/nodebase.c:3111 < NB > ...no partial binary output file for link #MISSING_FIELDS
2019-10-24 16:36:52.690802 base/file_interface.c:703 < NB > Searching for open file with tag #Oi:#MISSING_FIELDS
2019-10-24 16:36:52.690806 base/file_interface.c:714 < NB > ...not found
2019-10-24 16:36:52.690810 base/nodebase.c:3134 < NB > ...no partial internal file for link #MISSING_FIELDS
2019-10-24 16:36:52.690819 base/nodebase.c:3188 < NB > Searching temporary output files...
2019-10-24 16:36:52.690824 base/nodebase.c:3331 < NB > Opening directory '/opt/comptel/eventlink/base/buffer/253/SUREPAY_0_2612'
2019-10-24 16:36:52.690849 base/nodebase.c:3217 < NB > Current subdirectory sequence number for this outpath: 0, files in directory: 0
2019-10-24 16:36:52.690854 base/nodebase.c:3331 < NB > Opening directory '/opt/comptel/eventlink/base/buffer/253/PRM_0_2612'
2019-10-24 16:36:52.690866 base/nodebase.c:3217 < NB > Current subdirectory sequence number for this outpath: 0, files in directory: 0
2019-10-24 16:36:52.690870 base/nodebase.c:3331 < NB > Opening directory '/opt/comptel/eventlink/base/internal/nodes/253/2612/rejected/INVALID_TIMESTAMP'
2019-10-24 16:36:52.690883 base/nodebase.c:3364 < NB > Found directory entry '/opt/comptel/eventlink/base/internal/nodes/253/2612/rejected/INVALID_TIMESTAMP/20191016170000'
2019-10-24 16:36:52.690892 base/nodebase.c:3385 < NB > ...sub directory
2019-10-24 16:36:52.690896 base/nodebase.c:3391 < NB > Rejected data storage, sub directory skipped
2019-10-24 16:36:52.690901 base/nodebase.c:3364 < NB > Found directory entry '/opt/comptel/eventlink/base/internal/nodes/253/2612/rejected/INVALID_TIMESTAMP/20191016180000'
2019-10-24 16:36:52.690908 base/nodebase.c:3385 < NB > ...sub directory
2019-10-24 16:36:52.690912 base/nodebase.c:3391 < NB > Rejected data storage, sub directory skipped
2019-10-24 16:36:52.690918 base/nodebase.c:3217 < NB > Current subdirectory sequence number for this outpath: 0, files in directory: 0
2019-10-24 16:36:52.690922 base/nodebase.c:3331 < NB > Opening directory '/opt/comptel/eventlink/base/internal/nodes/253/2612/rejected/MISSING_FIELDS'
2019-10-24 16:36:52.690977 base/nodebase.c:3217 < NB > Current subdirectory sequence number for this outpath: 0, files in directory: 0
2019-10-24 16:36:52.690985 base/nodebase.c:3455 < NB > Find input files and leftover lock files from the previous run
2019-10-24 16:36:52.690991 base/file_interface.c:1670 < NB > Checking if file /opt/comptel/eventlink/base/buffer/253/DECODED_NOKIA_0_2587/filelist.txt (fullname /opt/comptel/eventlink/base/buffer/253/DECODED_NOKIA_0_2587/filelist.txt) exists
2019-10-24 16:36:52.690999 base/file_interface.c:1674 < NB > ...does not exist
2019-10-24 16:36:52.691004 base/nodebase.c:421 < NB > Searching indatapaths for files
2019-10-24 16:36:52.691010 base/nodebase.c:521 < NB > Opening directory /opt/comptel/eventlink/base/buffer/253/DECODED_NOKIA_0_2587
2019-10-24 16:36:52.691030 base/nodebase.c:652 < NB > Adding file /opt/comptel/eventlink/base/buffer/253/DECODED_NOKIA_0_2587/1571924207x001_0012645_1571924207x001_2587_15 to list
2019-10-24 16:36:52.691035 base/nb_alloc.c:19 < NB > Allocate 106 bytes, base/input_scan.c:173
2019-10-24 16:36:52.691040 base/nodebase.c:349 < NB > Resizing file array from 0 to 100
2019-10-24 16:36:52.691044 base/nb_alloc.c:38 < NB > Reallocate 4800 bytes, base/nodebase.c:351
2019-10-24 16:36:52.691056 base/nodebase.c:3488 < NB > Reading a lock file '/opt/comptel/eventlink/base/buffer/253/DECODED_NOKIA_0_2587/1571924207x001_0012645_1571924207x001_2587_15.lock'
2019-10-24 16:36:52.691063 base/nb_file_buffer.c:1291 < NB > Reading lock file /opt/comptel/eventlink/base/buffer/253/DECODED_NOKIA_0_2587/1571924207x001_0012645_1571924207x001_2587_15.lock...
2019-10-24 16:36:52.691071 base/nb_file_buffer.c:1301 < NB > ...success
2019-10-24 16:36:52.691089 base/nodebase.c:3548 < NB > Found lock file for this node
2019-10-24 16:36:52.691096 base/nodebase.c:521 < NB > Opening directory /opt/comptel/eventlink/base/internal/nodes/253/2612/reprocess
2019-10-24 16:36:52.691118 base/nodebase.c:3475 < NB > Input directories contain 1 files to be processed
2019-10-24 16:36:52.691123 base/nodebase.c:3010 < NB > Searching temporary and empty audit files...
2019-10-24 16:36:52.691127 base/nodebase.c:3015 < NB > Opening directory '/opt/comptel/eventlink/base/control/253/2612/audit/1'
2019-10-24 16:36:52.691145 base/nodebase.c:3051 < NB > Deleting audit file /opt/comptel/eventlink/base/control/253/2612/audit/1/audit_1571924207_2612-1s1_writing
2019-10-24 16:36:52.691176 base/nodebase.c:3072 < NB > .../opt/comptel/eventlink/base/control/253/2612/audit/1/audit_1571924212_2612-1s1_writing is a temporary but partial audit file, not removed
2019-10-24 16:36:52.691284 base/cron.c:450 < NB > *:* *.*. *

2019-10-24 16:36:52.691377 base/cron.c:296 < NB > Schedule string is: * * * * * 0 0
2019-10-24 16:36:52.691406 base/cron.c:304 < NB > Minutes: 0 1 2 3 4 5 6 7 8 9 10 11 12 13 14 15 16 17 18 19 20 21 22 23 24 25 26 27 28 29 30 31 32 33 34 35 36 37 38 39 40 41 42 43 44 45 46 47 48 49 50 51 52 53 54 55 56 57 58 59
2019-10-24 16:36:52.691416 base/cron.c:311 < NB > Hours: 0 1 2 3 4 5 6 7 8 9 10 11 12 13 14 15 16 17 18 19 20 21 22 23
2019-10-24 16:36:52.691427 base/cron.c:318 < NB > Day of month: 1 2 3 4 5 6 7 8 9 10 11 12 13 14 15 16 17 18 19 20 21 22 23 24 25 26 27 28 29 30 31
2019-10-24 16:36:52.691434 base/cron.c:325 < NB > Month: 1 2 3 4 5 6 7 8 9 10 11 12
2019-10-24 16:36:52.691440 base/cron.c:332 < NB > Day of week: 0 1 2 3 4 5 6
2019-10-24 16:36:52.691535 base/cron.c:450 < NB > 0:* *.*. *

2019-10-24 16:36:52.691546 base/cron.c:296 < NB > Schedule string is: 0 * * * * 0 0
2019-10-24 16:36:52.691552 base/cron.c:304 < NB > Minutes: 0
2019-10-24 16:36:52.691619 base/cron.c:311 < NB > Hours: 0 1 2 3 4 5 6 7 8 9 10 11 12 13 14 15 16 17 18 19 20 21 22 23
2019-10-24 16:36:52.691632 base/cron.c:318 < NB > Day of month: 1 2 3 4 5 6 7 8 9 10 11 12 13 14 15 16 17 18 19 20 21 22 23 24 25 26 27 28 29 30 31
2019-10-24 16:36:52.691639 base/cron.c:325 < NB > Month: 1 2 3 4 5 6 7 8 9 10 11 12
2019-10-24 16:36:52.691644 base/cron.c:332 < NB > Day of week: 0 1 2 3 4 5 6
2019-10-24 16:36:52.691651 base/nodebase.c:4350 < NB > Saving contents of the rejected data directories
2019-10-24 16:36:52.691656 base/nodebase.c:4357 < NB > output link SUREPAY is not for rejected data
2019-10-24 16:36:52.691660 base/nodebase.c:4357 < NB > output link PRM is not for rejected data
2019-10-24 16:36:52.691666 base/reprocess.c:143 < NB > Reading rejected data file directories, order: 'INVALID_TIMESTAMP - 0' (0)
2019-10-24 16:36:52.691727 base/reprocess.c:183 < NB > ...valid order, tag:'INVALID_TIMESTAMP', timeslot:'-', priority:'0', file identifier:''
2019-10-24 16:36:52.691733 base/reprocess.c:209 < NB > ...output type/tag found #INVALID_TIMESTAMP
2019-10-24 16:36:52.691755 base/reprocess.c:223 < NB > Found /opt/comptel/eventlink/base/internal/nodes/253/2612/rejected/INVALID_TIMESTAMP/..
2019-10-24 16:36:52.691764 base/reprocess.c:233 < NB > ...not a valid rejected data sub directory, skip
2019-10-24 16:36:52.691769 base/reprocess.c:223 < NB > Found /opt/comptel/eventlink/base/internal/nodes/253/2612/rejected/INVALID_TIMESTAMP/.
2019-10-24 16:36:52.691775 base/reprocess.c:233 < NB > ...not a valid rejected data sub directory, skip
2019-10-24 16:36:52.691779 base/reprocess.c:223 < NB > Found /opt/comptel/eventlink/base/internal/nodes/253/2612/rejected/INVALID_TIMESTAMP/20191016170000
2019-10-24 16:36:52.691806 base/reprocess.c:243 < NB > ...valid rejected data sub directory, opening
2019-10-24 16:36:52.691811 base/file_interface.c:1942 < NB > Opening directory: '/opt/comptel/eventlink/base/internal/nodes/253/2612/rejected/INVALID_TIMESTAMP/20191016170000'
2019-10-24 16:36:52.691822 base/file_interface.c:1958 < NB > Successfully opened directory: '/opt/comptel/eventlink/base/internal/nodes/253/2612/rejected/INVALID_TIMESTAMP/20191016170000'
2019-10-24 16:36:52.691829 base/file_interface.c:1971 < NB > Searching for next file in open directory, pattern: '*'
2019-10-24 16:36:52.691838 base/file_interface.c:1981 < NB > ...'1571248762x001_0012616-001_1s1_{CF0006.DAT}_27_1_1571248762'
2019-10-24 16:36:52.691846 base/file_interface.c:1985 < NB > ...matches pattern, doing filestat
2019-10-24 16:36:52.691855 base/file_interface.c:1993 < NB > Returning filename 1571248762x001_0012616-001_1s1_{CF0006.DAT}_27_1_1571248762
2019-10-24 16:36:52.691860 base/reprocess.c:266 < NB > Rejected file found: 1571248762x001_0012616-001_1s1_{CF0006.DAT}_27_1_1571248762
2019-10-24 16:36:52.692022 base/reprocess.c:282 < NB > ...inputid 1571248762x001_0012616/1, cycle count 1, timestamp 1571248762
2019-10-24 16:36:52.692030 base/reprocess.c:286 < NB > ...saving inputid/counter
2019-10-24 16:36:52.692037 base/dircache.cc:110 < NB > Storage not found
2019-10-24 16:36:52.692051 base/file_interface.c:1971 < NB > Searching for next file in open directory, pattern: '*'
2019-10-24 16:36:52.692055 base/file_interface.c:1981 < NB > ...'1571231377x001_0012616-001_1s1_{CF0006.DAT}_27_1_1571248530'
2019-10-24 16:36:52.692060 base/file_interface.c:1985 < NB > ...matches pattern, doing filestat
2019-10-24 16:36:52.692071 base/file_interface.c:1993 < NB > Returning filename 1571231377x001_0012616-001_1s1_{CF0006.DAT}_27_1_1571248530
2019-10-24 16:36:52.692075 base/reprocess.c:266 < NB > Rejected file found: 1571231377x001_0012616-001_1s1_{CF0006.DAT}_27_1_1571248530
2019-10-24 16:36:52.692092 base/reprocess.c:282 < NB > ...inputid 1571231377x001_0012616/1, cycle count 1, timestamp 1571248530
2019-10-24 16:36:52.692096 base/reprocess.c:286 < NB > ...saving inputid/counter
2019-10-24 16:36:52.692101 base/dircache.cc:81 < NB > Storage 'INVALID_TIMESTAMP' found
2019-10-24 16:36:52.692106 base/dircache.cc:85 < NB > Sub directory (hour) '20191016170000' found
2019-10-24 16:36:52.692111 base/dircache.cc:97 < NB > Inputid not found
2019-10-24 16:36:52.692116 base/file_interface.c:1971 < NB > Searching for next file in open directory, pattern: '*'
2019-10-24 16:36:52.692120 base/file_interface.c:1981 < NB > ...'..'
2019-10-24 16:36:52.692125 base/file_interface.c:1985 < NB > ...matches pattern, doing filestat
2019-10-24 16:36:52.692133 base/file_interface.c:1996 < NB > ...not a regular file
2019-10-24 16:36:52.692137 base/file_interface.c:1981 < NB > ...'.'
2019-10-24 16:36:52.692141 base/file_interface.c:1985 < NB > ...matches pattern, doing filestat
2019-10-24 16:36:52.692148 base/file_interface.c:1996 < NB > ...not a regular file
2019-10-24 16:36:52.692152 base/file_interface.c:1981 < NB > ...'1571248760x001_0012616-001_1s1_{CF0002.DAT}_15_1_1571248760'
2019-10-24 16:36:52.692156 base/file_interface.c:1985 < NB > ...matches pattern, doing filestat
2019-10-24 16:36:52.692164 base/file_interface.c:1993 < NB > Returning filename 1571248760x001_0012616-001_1s1_{CF0002.DAT}_15_1_1571248760
2019-10-24 16:36:52.692168 base/reprocess.c:266 < NB > Rejected file found: 1571248760x001_0012616-001_1s1_{CF0002.DAT}_15_1_1571248760
2019-10-24 16:36:52.692183 base/reprocess.c:282 < NB > ...inputid 1571248760x001_0012616/1, cycle count 1, timestamp 1571248760
2019-10-24 16:36:52.692187 base/reprocess.c:286 < NB > ...saving inputid/counter
2019-10-24 16:36:52.692192 base/dircache.cc:81 < NB > Storage 'INVALID_TIMESTAMP' found
2019-10-24 16:36:52.692197 base/dircache.cc:85 < NB > Sub directory (hour) '20191016170000' found
2019-10-24 16:36:52.692201 base/dircache.cc:97 < NB > Inputid not found
2019-10-24 16:36:52.692205 base/file_interface.c:1971 < NB > Searching for next file in open directory, pattern: '*'
2019-10-24 16:36:52.692210 base/file_interface.c:2005 < NB > No matching file found, returning empty
2019-10-24 16:36:52.692216 base/file_interface.c:2025 < NB > Closing directory
2019-10-24 16:36:52.692224 base/file_interface.c:2064 < NB > Checking contents of the directory /opt/comptel/eventlink/base/internal/nodes/253/2612/reprocess
2019-10-24 16:36:52.692237 base/reprocess.c:336 < NB > Reprocessing directory /opt/comptel/eventlink/base/internal/nodes/253/2612/reprocess is empty
2019-10-24 16:36:52.692242 base/file_interface.c:2064 < NB > Checking contents of the directory /opt/comptel/eventlink/base/internal/nodes/253/2612/rejected/INVALID_TIMESTAMP/20191016170000
2019-10-24 16:36:52.692252 base/file_interface.c:2080 < NB > ...found file 1571248762x001_0012616-001_1s1_{CF0006.DAT}_27_1_1571248762, directory not empty
2019-10-24 16:36:52.692258 base/reprocess.c:351 < NB > Sub directory /opt/comptel/eventlink/base/internal/nodes/253/2612/rejected/INVALID_TIMESTAMP/20191016170000 not empty, not removed
2019-10-24 16:36:52.692307 base/reprocess.c:223 < NB > Found /opt/comptel/eventlink/base/internal/nodes/253/2612/rejected/INVALID_TIMESTAMP/20191016180000
2019-10-24 16:36:52.692348 base/reprocess.c:243 < NB > ...valid rejected data sub directory, opening
2019-10-24 16:36:52.692355 base/file_interface.c:1942 < NB > Opening directory: '/opt/comptel/eventlink/base/internal/nodes/253/2612/rejected/INVALID_TIMESTAMP/20191016180000'
2019-10-24 16:36:52.692365 base/file_interface.c:1958 < NB > Successfully opened directory: '/opt/comptel/eventlink/base/internal/nodes/253/2612/rejected/INVALID_TIMESTAMP/20191016180000'
2019-10-24 16:36:52.692370 base/file_interface.c:1971 < NB > Searching for next file in open directory, pattern: '*'
2019-10-24 16:36:52.692378 base/file_interface.c:1981 < NB > ...'1571251998x001_0012616-001_1s1_{CF0006.DAT}_27_1_1571251998'
2019-10-24 16:36:52.692382 base/file_interface.c:1985 < NB > ...matches pattern, doing filestat
2019-10-24 16:36:52.692391 base/file_interface.c:1993 < NB > Returning filename 1571251998x001_0012616-001_1s1_{CF0006.DAT}_27_1_1571251998
2019-10-24 16:36:52.692395 base/reprocess.c:266 < NB > Rejected file found: 1571251998x001_0012616-001_1s1_{CF0006.DAT}_27_1_1571251998
2019-10-24 16:36:52.692411 base/reprocess.c:282 < NB > ...inputid 1571251998x001_0012616/1, cycle count 1, timestamp 1571251998
2019-10-24 16:36:52.692415 base/reprocess.c:286 < NB > ...saving inputid/counter
2019-10-24 16:36:52.692421 base/dircache.cc:81 < NB > Storage 'INVALID_TIMESTAMP' found
2019-10-24 16:36:52.692425 base/dircache.cc:103 < NB > Sub directory not found
2019-10-24 16:36:52.692431 base/file_interface.c:1971 < NB > Searching for next file in open directory, pattern: '*'
2019-10-24 16:36:52.692435 base/file_interface.c:1981 < NB > ...'1571250800x001_0012616-001_1s1_{CF0006.DAT}_27_1_1571251983'
2019-10-24 16:36:52.692439 base/file_interface.c:1985 < NB > ...matches pattern, doing filestat
2019-10-24 16:36:52.692447 base/file_interface.c:1993 < NB > Returning filename 1571250800x001_0012616-001_1s1_{CF0006.DAT}_27_1_1571251983
2019-10-24 16:36:52.692451 base/reprocess.c:266 < NB > Rejected file found: 1571250800x001_0012616-001_1s1_{CF0006.DAT}_27_1_1571251983
2019-10-24 16:36:52.692465 base/reprocess.c:282 < NB > ...inputid 1571250800x001_0012616/1, cycle count 1, timestamp 1571251983
2019-10-24 16:36:52.692469 base/reprocess.c:286 < NB > ...saving inputid/counter
2019-10-24 16:36:52.692473 base/dircache.cc:81 < NB > Storage 'INVALID_TIMESTAMP' found
2019-10-24 16:36:52.692478 base/dircache.cc:85 < NB > Sub directory (hour) '20191016180000' found
2019-10-24 16:36:52.692482 base/dircache.cc:97 < NB > Inputid not found
2019-10-24 16:36:52.692486 base/file_interface.c:1971 < NB > Searching for next file in open directory, pattern: '*'
2019-10-24 16:36:52.692490 base/file_interface.c:1981 < NB > ...'..'
2019-10-24 16:36:52.692494 base/file_interface.c:1985 < NB > ...matches pattern, doing filestat
2019-10-24 16:36:52.692501 base/file_interface.c:1996 < NB > ...not a regular file
2019-10-24 16:36:52.692506 base/file_interface.c:1981 < NB > ...'.'
2019-10-24 16:36:52.692509 base/file_interface.c:1985 < NB > ...matches pattern, doing filestat
2019-10-24 16:36:52.692516 base/file_interface.c:1996 < NB > ...not a regular file
2019-10-24 16:36:52.692521 base/file_interface.c:2005 < NB > No matching file found, returning empty
2019-10-24 16:36:52.692525 base/file_interface.c:2025 < NB > Closing directory
2019-10-24 16:36:52.692531 base/file_interface.c:2064 < NB > Checking contents of the directory /opt/comptel/eventlink/base/internal/nodes/253/2612/reprocess
2019-10-24 16:36:52.692542 base/reprocess.c:336 < NB > Reprocessing directory /opt/comptel/eventlink/base/internal/nodes/253/2612/reprocess is empty
2019-10-24 16:36:52.692546 base/file_interface.c:2064 < NB > Checking contents of the directory /opt/comptel/eventlink/base/internal/nodes/253/2612/rejected/INVALID_TIMESTAMP/20191016180000
2019-10-24 16:36:52.692556 base/file_interface.c:2080 < NB > ...found file 1571251998x001_0012616-001_1s1_{CF0006.DAT}_27_1_1571251998, directory not empty
2019-10-24 16:36:52.692565 base/reprocess.c:351 < NB > Sub directory /opt/comptel/eventlink/base/internal/nodes/253/2612/rejected/INVALID_TIMESTAMP/20191016180000 not empty, not removed
2019-10-24 16:36:52.692572 base/reprocess.c:143 < NB > Reading rejected data file directories, order: 'MISSING_FIELDS - 0' (0)
2019-10-24 16:36:52.692584 base/reprocess.c:183 < NB > ...valid order, tag:'MISSING_FIELDS', timeslot:'-', priority:'0', file identifier:''
2019-10-24 16:36:52.692589 base/reprocess.c:209 < NB > ...output type/tag found #MISSING_FIELDS
2019-10-24 16:36:52.692600 base/reprocess.c:223 < NB > Found /opt/comptel/eventlink/base/internal/nodes/253/2612/rejected/MISSING_FIELDS/..
2019-10-24 16:36:52.692606 base/reprocess.c:233 < NB > ...not a valid rejected data sub directory, skip
2019-10-24 16:36:52.692611 base/reprocess.c:223 < NB > Found /opt/comptel/eventlink/base/internal/nodes/253/2612/rejected/MISSING_FIELDS/.
2019-10-24 16:36:52.692617 base/reprocess.c:233 < NB > ...not a valid rejected data sub directory, skip
2019-10-24 16:36:52.692625 base/smem_transport.cc:62 < NB > Initializing shared memory system...
2019-10-24 16:36:52.692630 base/smem_transport.cc:74 < NB > ...output link SUREPAY is not using shared memory
2019-10-24 16:36:52.692634 base/smem_transport.cc:74 < NB > ...output link PRM is not using shared memory
2019-10-24 16:36:52.692638 base/smem_transport.cc:74 < NB > ...output link #INVALID_TIMESTAMP is not using shared memory
2019-10-24 16:36:52.692641 base/smem_transport.cc:74 < NB > ...output link #MISSING_FIELDS is not using shared memory
2019-10-24 16:36:52.692646 base/kafka_transport.cc:37 < NB > Initializing kafka out-links...
2019-10-24 16:36:52.692650 base/kafka_transport.cc:71 < NB > Output link SUREPAY not a kafka link
2019-10-24 16:36:52.692654 base/kafka_transport.cc:71 < NB > Output link PRM not a kafka link
2019-10-24 16:36:52.692658 base/kafka_transport.cc:71 < NB > Output link #INVALID_TIMESTAMP not a kafka link
2019-10-24 16:36:52.692662 base/kafka_transport.cc:71 < NB > Output link #MISSING_FIELDS not a kafka link
2019-10-24 16:36:52.692667 base/kafka_transport.cc:75 < NB > Initializing kafka in-links...
2019-10-24 16:36:52.692671 base/kafka_transport.cc:96 < NB > Input link 'DECODED_NOKIA' is not a kafka link
2019-10-24 16:36:52.692675 base/kafka_transport.cc:96 < NB > Input link '#' is not a kafka link
2019-10-24 16:36:52.692679 base/kafka_transport.cc:100 < NB > Initializing all kafka links succesfully...
2019-10-24 16:36:52.692685 base/nb_interface.c:61 < NB > nb_new_record() called
2019-10-24 16:36:52.692718 base/nb_interface.c:1266 < NB > mmap success for input data with size 65536(bytes)
2019-10-24 16:36:52.692729 bin/src/c_node.cpp:355 < NB > Searching for c application from ApplicationFilePath: '/opt/comptel/eventlink/base/control/253/2612/bin/'
2019-10-24 16:36:52.692733 bin/src/c_node.cpp:363 < NB > ...effective directory: /opt/comptel/eventlink/base/control/253/2612/bin/
2019-10-24 16:36:52.692748 bin/src/c_node.cpp:375 < NB > ...file:'app_togocel_processing_bln.so'
2019-10-24 16:36:52.692755 bin/src/c_node.cpp:386 < NB > ...match, returning /opt/comptel/eventlink/base/control/253/2612/bin//app_togocel_processing_bln.so
2019-10-24 16:36:52.692759 bin/src/c_node.cpp:435 < NB > Loading library /opt/comptel/eventlink/base/control/253/2612/bin//app_togocel_processing_bln.so
2019-10-24 16:36:52.692988 bin/src/c_node.cpp:445 < NB > dlopen ran successfully
2019-10-24 16:36:52.693064 bin/src/c_node.cpp:519 < NB > Enabling ROO range [0x7fdba38c1fc8,0x7fdba38c3e94).
2019-10-24 16:36:52.693069 app_togocel_processing_bln.c:53 < APP > node_init(): entered the function
2019-10-24 16:36:52.693073 app_togocel_processing_bln.c:58 < APP > node_init(): exiting the function...
2019-10-24 16:36:52.693079 base/nodebase.c:163 < NB > Event message 4 : Node successfully started
2019-10-24 16:36:52.693085 base/nodebase.c:233 < NB > ...message number 0, limit is 500
2019-10-24 16:36:52.693089 base/file_interface.c:1235 < NB > Writing a data to file 0, 50 bytes
2019-10-24 16:36:52.693100 base/process.c:819 < NB > Process_idle()
2019-10-24 16:36:52.693105 base/process.c:827 < NB > Process idle loop
2019-10-24 16:36:52.693109 base/process.c:1098 < NB > Process_maintenance()
2019-10-24 16:36:52.693113 base/process.c:1115 < NB > time_now: 1571924212, last_maintenance:0
2019-10-24 16:36:52.693117 base/process.c:1121 < NB > Starting maintenance procedures..
2019-10-24 16:36:52.693148 base/nodebase.c:2320 < NB > no control file found..
2019-10-24 16:36:52.693153 base/process.c:1253 < NB > Process_handle_requests()
2019-10-24 16:36:52.693158 base/process.c:1309 < NB > ...return from Process_handle_request(), returning OK
2019-10-24 16:36:52.693162 base/audit.c:1734 < NB > Audit in Single file mode (1571924212 seconds since last check)
2019-10-24 16:36:52.693167 base/audit.c:1703 < NB > Calculating the amount of files starting with 'audit_' in /opt/comptel/eventlink/base/control/253/2612/audit/1
2019-10-24 16:36:52.693181 base/audit.c:1723 < NB > Unprocessed audit files: 1
2019-10-24 16:36:52.693185 base/audit.c:1741 < NB > Audit switching back to multi file mode
2019-10-24 16:36:52.693189 base/audit.c:1786 < NB > Closing audit file...
2019-10-24 16:36:52.693193 base/audit.c:1804 < NB > Writing end marker to the audit file
2019-10-24 16:36:52.693197 base/file_interface.c:1235 < NB > Writing a data to file 0, 6 bytes
2019-10-24 16:36:52.693201 base/nb_file_buffer.c:450 < NB > Flushing buffer to disk, pos:4409, contents:4409, filepos:4409
2019-10-24 16:36:52.693205 base/nb_file_buffer.c:465 < NB > ...writing from 0 to 4409
2019-10-24 16:36:52.693210 base/nb_util.c:604 < NB > Checking free space for file descriptor 7
2019-10-24 16:36:52.693219 base/nb_util.c:617 < NB > ...blocksize: 4096, free blocks: 741917
2019-10-24 16:36:52.693223 base/nb_file_buffer.c:434 < NB > Disk space left for file /opt/comptel/eventlink/base/control/253/2612/audit/1/audit_1571924212_2612-1s1_writing: 2898MB
2019-10-24 16:36:52.693240 base/file_interface.c:103 < NB > Returning file position of the file 0
2019-10-24 16:36:52.693308 base/audit.c:1848 < NB > Forced closing...ignoring single/multi file mode setting
2019-10-24 16:36:52.693317 base/file_interface.c:767 < NB > Closing file in slot 0
2019-10-24 16:36:52.693322 base/nb_file_buffer.c:631 < NB > Closing file /opt/comptel/eventlink/base/control/253/2612/audit/1/audit_1571924212_2612-1s1_writing,   read+write
2019-10-24 16:36:52.693327 base/nb_file_buffer.c:450 < NB > Flushing buffer to disk, pos:0, contents:0, filepos:4409
2019-10-24 16:36:52.693330 base/nb_file_buffer.c:643 < NB > start mummap...is_rec: 0
2019-10-24 16:36:52.693337 base/nb_file_buffer.c:877 < NB > Removing _2612-1s1_writing from file /opt/comptel/eventlink/base/control/253/2612/audit/1/audit_1571924212_2612-1s1_writing
2019-10-24 16:36:52.693365 base/process.c:1242 < NB > ...return from Process_maintenance(), returning OK
2019-10-24 16:36:52.693370 base/process.c:885 < NB > Master node skipped timer() during lock recovery INIT (existing '/opt/comptel/eventlink/base/buffer/253/DECODED_NOKIA_0_2587/1571924207x001_0012645_1571924207x001_2587_15.lock')
2019-10-24 16:36:52.693374 base/process.c:897 < NB > Master node skipped schedule() during lock recovery INIT (existing '/opt/comptel/eventlink/base/buffer/253/DECODED_NOKIA_0_2587/1571924207x001_0012645_1571924207x001_2587_15.lock')
2019-10-24 16:36:52.693383 base/process.c:957 < NB > Process_flush()
2019-10-24 16:36:52.693392 base/process.c:201 < NB > Process_open_next_file()
2019-10-24 16:36:52.693399 base/nodebase.c:1369 < NB > Open next file from queue...
2019-10-24 16:36:52.693404 base/cron.c:82 < NB > Schedule, time:  (sec:52) min:36 hour:16 dom:24 mon:10 dow:4
2019-10-24 16:36:52.693410 base/cron.c:136 < NB > 1571924212 seconds t since January 1, 1970
2019-10-24 16:36:52.693414 base/cron.c:186 < NB > Schedule, more than a second since last check, checking cron...
2019-10-24 16:36:52.693419 base/cron.c:211 < NB > min1: 00
2019-10-24 16:36:52.693423 base/cron.c:215 < NB > min2: 36
2019-10-24 16:36:52.693427 base/cron.c:219 < NB > ...minute has changed since last check
2019-10-24 16:36:52.693435 base/cron.c:82 < NB > Schedule, time:  (sec:52) min:36 hour:16 dom:24 mon:10 dow:4
2019-10-24 16:36:52.693440 base/cron.c:118 < NB > ...schedule matches timestamp 1571924212
2019-10-24 16:36:52.693445 base/cron.c:280 < NB > Schedule matches, time 1571924212, id 2612_1571924212
2019-10-24 16:36:52.693450 base/reprocess.c:553 < NB > Check reprocessed files...
2019-10-24 16:36:52.693456 base/reprocess.c:422 < NB > Starting automatic reprocessing...
2019-10-24 16:36:52.693461 base/nb_util.c:399 < NB > Regex: ',[[:space:]]*INVALID_TIMESTAMP ([^, ]+) ([^, ]+) ([^, ]+) ([^, ]+) ([^, ]+) ([^, ]+) ([^, ]+) ([^, ]+) ([^, ]+) ([^, ]+)', pattern: ','
2019-10-24 16:36:52.693514 base/nb_util.c:412 < NB > ...0 substrings found
2019-10-24 16:36:52.693519 base/nb_util.c:399 < NB > Regex: ',[[:space:]]*INVALID_TIMESTAMP ([^, ]+) ([^, ]+) ([^, ]+) ([^, ]+)', pattern: ','
2019-10-24 16:36:52.693548 base/nb_util.c:412 < NB > ...0 substrings found
2019-10-24 16:36:52.693552 base/reprocess.c:460 < NB > No autoreprocessing set for storage INVALID_TIMESTAMP
2019-10-24 16:36:52.693556 base/nb_util.c:399 < NB > Regex: ',[[:space:]]*MISSING_FIELDS ([^, ]+) ([^, ]+) ([^, ]+) ([^, ]+) ([^, ]+) ([^, ]+) ([^, ]+) ([^, ]+) ([^, ]+) ([^, ]+)', pattern: ','
2019-10-24 16:36:52.693594 base/nb_util.c:412 < NB > ...0 substrings found
2019-10-24 16:36:52.693599 base/nb_util.c:399 < NB > Regex: ',[[:space:]]*MISSING_FIELDS ([^, ]+) ([^, ]+) ([^, ]+) ([^, ]+)', pattern: ','
2019-10-24 16:36:52.693625 base/nb_util.c:412 < NB > ...0 substrings found
2019-10-24 16:36:52.693629 base/reprocess.c:460 < NB > No autoreprocessing set for storage MISSING_FIELDS
2019-10-24 16:36:52.693633 base/reprocess.c:532 < NB > Done reading reprocessed files
2019-10-24 16:36:52.693637 base/nodebase.c:1431 < NB > Considering opening file /opt/comptel/eventlink/base/buffer/253/DECODED_NOKIA_0_2587/1571924207x001_0012645_1571924207x001_2587_15
2019-10-24 16:36:52.693692 base/nodebase.c:1159 < NB > ...file is not binary
2019-10-24 16:36:52.693718 base/nodebase.c:1235 < NB > Checking sequence number of the input file /opt/comptel/eventlink/base/buffer/253/DECODED_NOKIA_0_2587/1571924207x001_0012645_1571924207x001_2587_15
2019-10-24 16:36:52.693757 base/nodebase.c:1258 < NB > ...not a split file
2019-10-24 16:36:52.693775 base/nb_file_buffer.c:916 < NB > Checking sequence number of the input file /opt/comptel/eventlink/base/buffer/253/DECODED_NOKIA_0_2587/1571924207x001_0012645_1571924207x001_2587_15
2019-10-24 16:36:52.693795 base/nb_file_buffer.c:936 < NB > ...not a split file
2019-10-24 16:36:52.693801 base/nb_file_buffer.c:1119 < NB > Creating a lock file /opt/comptel/eventlink/base/buffer/253/DECODED_NOKIA_0_2587/1571924207x001_0012645_1571924207x001_2587_15.lock for file /opt/comptel/eventlink/base/buffer/253/DECODED_NOKIA_0_2587/1571924207x001_0012645_1571924207x001_2587_15
2019-10-24 16:36:52.693805 base/nb_file_buffer.c:1135 < NB > Using the previously opened lock file
2019-10-24 16:36:52.693809 base/nb_file_buffer.c:1291 < NB > Reading lock file /opt/comptel/eventlink/base/buffer/253/DECODED_NOKIA_0_2587/1571924207x001_0012645_1571924207x001_2587_15.lock...
2019-10-24 16:36:52.693823 base/nb_file_buffer.c:1152 < NB > No need to update lock file
2019-10-24 16:36:52.693828 base/file_interface.c:1670 < NB > Checking if file /opt/comptel/eventlink/base/buffer/253/DECODED_NOKIA_0_2587/1571924207x001_0012645_1571924207x001_2587_15 (fullname /opt/comptel/eventlink/base/buffer/253/DECODED_NOKIA_0_2587/1571924207x001_0012645_1571924207x001_2587_15) exists
2019-10-24 16:36:52.693841 base/file_interface.c:1678 < NB > ...exists
2019-10-24 16:36:52.693847 base/file_interface.c:274 < NB > Opening file '/opt/comptel/eventlink/base/buffer/253/DECODED_NOKIA_0_2587/1571924207x001_0012645_1571924207x001_2587_15', flags:35, tag:#INT
2019-10-24 16:36:52.693851 base/file_interface.c:300 < NB > ...file slot is 1
2019-10-24 16:36:52.693854 base/file_interface.c:219 < NB > Get the buffer size for a file to be opened
2019-10-24 16:36:52.693859 base/file_interface.c:304 < NB > .. size is 65536
2019-10-24 16:36:52.693867 base/nb_alloc.c:19 < NB > Allocate 65537 bytes, base/nb_file_buffer.c:71
2019-10-24 16:36:52.693877 base/nb_file_buffer.c:831 < NB > Opening non-record file /opt/comptel/eventlink/base/buffer/253/DECODED_NOKIA_0_2587/1571924207x001_0012645_1571924207x001_2587_15,   read+write
2019-10-24 16:36:52.693889 base/nb_file_buffer.c:835 < NB > Open returned 7, errno 0
2019-10-24 16:36:52.693893 base/file_interface.c:335 < NB > ...file open successful
2019-10-24 16:36:52.693898 base/nodebase.c:1717 < NB > File open result: 1, errno:0
2019-10-24 16:36:52.693909 base/nodebase.c:1731 < NB > Successfully opened file /opt/comptel/eventlink/base/buffer/253/DECODED_NOKIA_0_2587/1571924207x001_0012645_1571924207x001_2587_15
2019-10-24 16:36:52.693914 base/nodebase.c:2698 < NB > Opening a new audit file
2019-10-24 16:36:52.693919 base/nodebase.c:2731 < NB > Checking if file /opt/comptel/eventlink/base/control/253/2612/audit/1/audit_1571924212x1_2612-1s1_writing already exists...
2019-10-24 16:36:52.693924 base/file_interface.c:1670 < NB > Checking if file /opt/comptel/eventlink/base/control/253/2612/audit/1/audit_1571924212x1_2612-1s1_writing (fullname /opt/comptel/eventlink/base/control/253/2612/audit/1/audit_1571924212x1_2612-1s1_writing) exists
2019-10-24 16:36:52.693934 base/file_interface.c:1674 < NB > ...does not exist
2019-10-24 16:36:52.693939 base/file_interface.c:274 < NB > Opening file '/opt/comptel/eventlink/base/control/253/2612/audit/1/audit_1571924212x1_2612-1s1_writing', flags:23, tag:AUDIT
2019-10-24 16:36:52.693943 base/file_interface.c:300 < NB > ...file slot is 0
2019-10-24 16:36:52.693947 base/file_interface.c:219 < NB > Get the buffer size for a file to be opened
2019-10-24 16:36:52.693951 base/file_interface.c:304 < NB > .. size is 65536
2019-10-24 16:36:52.693955 base/nb_alloc.c:19 < NB > Allocate 65537 bytes, base/nb_file_buffer.c:71
2019-10-24 16:36:52.693982 base/nb_file_buffer.c:831 < NB > Opening non-record file /opt/comptel/eventlink/base/control/253/2612/audit/1/audit_1571924212x1_2612-1s1_writing,   read+write
2019-10-24 16:36:52.694029 base/nb_file_buffer.c:835 < NB > Open returned 10, errno 2
2019-10-24 16:36:52.694034 base/file_interface.c:335 < NB > ...file open successful
2019-10-24 16:36:52.694038 base/nodebase.c:2750 < NB > Audit file /opt/comptel/eventlink/base/control/253/2612/audit/1/audit_1571924212x1_2612-1s1_writing successfully opened
2019-10-24 16:36:52.694042 base/file_interface.c:1235 < NB > Writing a data to file 0, 7 bytes
2019-10-24 16:36:52.694047 base/file_interface.c:1235 < NB > Writing a data to file 0, 4 bytes
2019-10-24 16:36:52.694079 base/file_interface.c:1235 < NB > Writing a data to file 0, 1 bytes
2019-10-24 16:36:52.694086 base/nodebase.c:1753 < NB > Resetting record container for link: DECODED_NOKIA
2019-10-24 16:36:52.694090 base/datarecords.cc:437 < NB > i_reset() called
2019-10-24 16:36:52.694094 base/nodebase.c:1795 < NB > Output file timestamp has changed from 0 to 1571924207, reset sequence counter
2019-10-24 16:36:52.694099 base/nb_file_buffer.c:1682 < NB > Updating node 1 status 'P' to the lock file
2019-10-24 16:36:52.694116 base/nodebase.c:1089 < NB > Checking input file version...
2019-10-24 16:36:52.694122 base/file_interface.c:1378 < NB > Reading 8 bytes from file 1
2019-10-24 16:36:52.694126 base/nb_file_buffer.c:312 < NB > Buffer does not contain enough data: contents 0, pos 0, request 8
2019-10-24 16:36:52.694131 base/nb_file_buffer.c:182 < NB > buffer of size 65536 is freed before mmap for file /opt/comptel/eventlink/base/buffer/253/DECODED_NOKIA_0_2587/1571924207x001_0012645_1571924207x001_2587_15
2019-10-24 16:36:52.694138 base/nb_file_buffer.c:196 < NB > mmap input buffer, size:19259, pos:0, filepos:0
2019-10-24 16:36:52.694147 base/nb_file_buffer.c:203 < NB > file: /opt/comptel/eventlink/base/buffer/253/DECODED_NOKIA_0_2587/1571924207x001_0012645_1571924207x001_2587_15 mmap successfully.
2019-10-24 16:36:52.694152 base/nb_file_buffer.c:210 < NB > mmap 19259 bytes into input buffer
2019-10-24 16:36:52.694159 base/nb_file_buffer.c:220 < NB > ...mmap contents now:19259, size:19259, pos:0, filepos:19259
2019-10-24 16:36:52.694164 base/nb_file_buffer.c:363 < NB > ...buffer contains enough data, data left 19259
2019-10-24 16:36:52.694171 base/nodebase.c:1107 < NB > ...version is ok
2019-10-24 16:36:52.694175 base/nodebase.c:1054 < NB > Turning diagnostic to 90,90,90 for the next file, as instructed by Node Manager
2019-10-24 16:36:52.694180 base/nodebase.c:2015 < NB > Status message, state 6, message <null>
2019-10-24 16:36:52.694209 base/nodebase.c:2072 < NB > ...new state is:1571924212 PROCESS 
2019-10-24 16:36:52.694252 base/nodebase.c:2080 < NB > ...state successfully written

2019-10-24 16:36:52.694409 base/nodebase.c:2088 < NB > ...statefile successfully closed
2019-10-24 16:36:52.694423 base/process.c:463 < NB > Process_record()
2019-10-24 16:36:52.694429 base/process.c:473 < NB > Record reading loop...
2019-10-24 16:36:52.694435 base/datarecords.cc:61 < NB > read record from file 1
2019-10-24 16:36:52.694490 base/process.c:498 < NB > Record found
2019-10-24 16:36:52.694563 base/process.c:539 < NB > ...normal record, going to application processing
2019-10-24 16:36:52.694577 base/nodebase.c:163 < NB > Event message 4 : File col:BSCS_20191024163647_00008.DAT 1571924207x001_0012645: Starting processing DECODED_NOKIA: /opt/comptel/eventlink/base/buffer/253/DECODED_NOKIA_0_2587/1571924207x001_0012645_1571924207x001_2587_15
2019-10-24 16:36:52.694584 base/nodebase.c:233 < NB > ...message number 0, limit is 500
2019-10-24 16:36:52.694588 base/file_interface.c:1235 < NB > Writing a data to file 0, 228 bytes
2019-10-24 16:36:52.694594 base/process.c:251 < NB > Process_application_record()
2019-10-24 16:36:52.694599 base/audit.c:661 < NB > audit_in(1) called
2019-10-24 16:36:52.694603 base/process.c:266 < NB > Calling application_process()
2019-10-24 16:36:52.694608 app_togocel_processing_bln.c:72 < APP > node_process(): entered the function
2019-10-24 16:36:52.694616 app_togocel_processing_bln.c:239 < APP > initialize_input_output_fields(): Initializes all the input fields...
2019-10-24 16:36:52.694623 app_togocel_processing_bln.c:277 < APP > initialize_input_output_fields(): Done.
2019-10-24 16:36:52.694628 app_togocel_processing_bln.c:288 < APP > read_input_output_fields(): Entered the function
2019-10-24 16:36:52.694634 app_togocel_processing_bln.c:291 < APP > read_input_output_fields(): RecordType is 'moc'
2019-10-24 16:36:52.694642 app_togocel_processing_bln.c:294 < APP > read_input_output_fields(): Field I_CALLING_SUBS_FIRST_MCC is '615'
2019-10-24 16:36:52.694647 app_togocel_processing_bln.c:296 < APP > read_input_output_fields(): Field I_CALLING_SUBS_FIRST_MNC is '01'
2019-10-24 16:36:52.694651 app_togocel_processing_bln.c:299 < APP > read_input_output_fields(): Field I_CALLED_SUBS_FIRST_MCC is ''
2019-10-24 16:36:52.694656 app_togocel_processing_bln.c:301 < APP > read_input_output_fields(): Field I_CALLED_SUBS_FIRST_MNC is ''
2019-10-24 16:36:52.694661 app_togocel_processing_bln.c:304 < APP > read_input_output_fields(): Field I_SERVED_SUBS_MCC is ''
2019-10-24 16:36:52.694665 app_togocel_processing_bln.c:306 < APP > read_input_output_fields(): Field I_SERVED_SUBS_MNC is ''
2019-10-24 16:36:52.694669 app_togocel_processing_bln.c:308 < APP > read_input_output_fields(): Leaving the function
2019-10-24 16:36:52.694677 app_togocel_processing_bln.c:325 < APP > app_validate(): Applying validation rules
2019-10-24 16:36:52.694682 app_togocel_processing_bln.c:328 < APP > node_process(): Field I_charging_start_time is '20190830133329'
2019-10-24 16:36:52.694686 app_togocel_processing_bln.c:331 < APP > node_process(): Field I_call_reference_time is '20190830133321'
2019-10-24 16:36:52.694695 app_togocel_processing_bln.c:1045 < APP > CheckDate(): entered the function
2019-10-24 16:36:52.694699 app_togocel_processing_bln.c:1047 < APP > CheckDate(): Input Value is '20190830133329'
2019-10-24 16:36:52.694705 app_togocel_processing_bln.c:1051 < APP > CheckDate(): Substring Value is '20190830'
2019-10-24 16:36:52.694711 app_togocel_processing_bln.c:1097 < APP > CheckDate(): Entreing the function for len=8
2019-10-24 16:36:52.694722 app_togocel_processing_bln.c:1130 < APP > CheckDate(): Leaving the function
2019-10-24 16:36:52.694727 app_togocel_processing_bln.c:1143 < APP > CheckTime(): entered the function
2019-10-24 16:36:52.694731 app_togocel_processing_bln.c:1144 < APP > CheckTime(): Input Value is '20190830133329'
2019-10-24 16:36:52.694735 app_togocel_processing_bln.c:1149 < APP > CheckTime(): Substring Value is '133329'
2019-10-24 16:36:52.694739 app_togocel_processing_bln.c:1184 < APP > CheckTime(): Leaving the function
2019-10-24 16:36:52.694743 app_togocel_processing_bln.c:342 < APP > app_validate(): Passed validation INVALID_TIMESTAMP.
2019-10-24 16:36:52.694752 app_togocel_processing_bln.c:222 < APP > iGet(): I_CALLING_NUMBER               = [22891700922]
2019-10-24 16:36:52.694756 app_togocel_processing_bln.c:393 < APP > app_validate(): Passed validation MISSING_FIELDS.
2019-10-24 16:36:52.694761 app_togocel_processing_bln.c:222 < APP > iGet(): I_CALLED_NUMBER                = [90366718]
2019-10-24 16:36:52.694765 app_togocel_processing_bln.c:414 < APP > app_validate(): Passed validation MISSING_FIELDS.
2019-10-24 16:36:52.694769 app_togocel_processing_bln.c:490 < APP > app_validate(): Returning PASS
2019-10-24 16:36:52.694774 app_togocel_processing_bln.c:501 < APP > handle_conversion_rules(): Entered the function
2019-10-24 16:36:52.694779 app_togocel_processing_bln.c:515 < APP > handle_conversion_rules(): EL_CDR_TYPE conversion rules.
2019-10-24 16:36:52.694783 app_togocel_processing_bln.c:534 < APP > handle_conversion_rules(): Field EL_CDR_TYPE is 'OG'
2019-10-24 16:36:52.694787 app_togocel_processing_bln.c:535 < APP > handle_conversion_rules(): Field EL_SERVICE_ID is '111'
2019-10-24 16:36:52.694791 app_togocel_processing_bln.c:542 < APP > handle_conversion_rules(): EL_HNI conversion rules.
2019-10-24 16:36:52.694797 app_togocel_processing_bln.c:556 < APP > handle_conversion_rules(): Field EL_HNI is '616'
2019-10-24 16:36:52.694802 app_togocel_processing_bln.c:569 < APP > node_process(): el_cell_id conversion rules.
2019-10-24 16:36:52.694806 app_togocel_processing_bln.c:222 < APP > iGet(): I_CALLING_SUBS_LAST_CI         = [D917]
2019-10-24 16:36:52.694811 app_togocel_processing_bln.c:583 < APP > node_process(): el_default_duration conversion rules.
2019-10-24 16:36:52.694816 app_togocel_processing_bln.c:222 < APP > iGet(): I_ORIG_MCZ_DURATION            = [000064]
2019-10-24 16:36:52.694821 app_togocel_processing_bln.c:601 < APP > handle_conversion_rules(): EL_A_NUMBER conversion rules.
2019-10-24 16:36:52.694827 app_togocel_processing_bln.c:222 < APP > iGet(): I_CALLING_NUMBER               = [22891700922]
2019-10-24 16:36:52.694834 app_togocel_processing_bln.c:998 < APP > trimstring(): entered the function
2019-10-24 16:36:52.694838 app_togocel_processing_bln.c:999 < APP > trimstring(): Input Value is '22891700922'
2019-10-24 16:36:52.694843 app_togocel_processing_bln.c:1028 < APP > trimstring(): Output Value is '22891700922'
2019-10-24 16:36:52.694847 app_togocel_processing_bln.c:1029 < APP > trimstring(): Leaving the function
2019-10-24 16:36:52.694851 app_togocel_processing_bln.c:998 < APP > trimstring(): entered the function
2019-10-24 16:36:52.694855 app_togocel_processing_bln.c:999 < APP > trimstring(): Input Value is '22891700922'
2019-10-24 16:36:52.694859 app_togocel_processing_bln.c:1028 < APP > trimstring(): Output Value is '22891700922'
2019-10-24 16:36:52.694863 app_togocel_processing_bln.c:1029 < APP > trimstring(): Leaving the function
2019-10-24 16:36:52.694867 app_togocel_processing_bln.c:612 < APP > handle_conversion_rules(): Field EL_A_NUMBER is '22891700922'
2019-10-24 16:36:52.694871 app_togocel_processing_bln.c:617 < APP > handle_conversion_rules(): EL_B_NUMBER conversion rules.
2019-10-24 16:36:52.694876 app_togocel_processing_bln.c:222 < APP > iGet(): I_CALLED_NUMBER                = [90366718]
2019-10-24 16:36:52.694880 app_togocel_processing_bln.c:998 < APP > trimstring(): entered the function
2019-10-24 16:36:52.694886 app_togocel_processing_bln.c:999 < APP > trimstring(): Input Value is '90366718'
2019-10-24 16:36:52.694891 app_togocel_processing_bln.c:1028 < APP > trimstring(): Output Value is '90366718'
2019-10-24 16:36:52.694894 app_togocel_processing_bln.c:1029 < APP > trimstring(): Leaving the function
2019-10-24 16:36:52.694898 app_togocel_processing_bln.c:998 < APP > trimstring(): entered the function
2019-10-24 16:36:52.694902 app_togocel_processing_bln.c:999 < APP > trimstring(): Input Value is '90366718'
2019-10-24 16:36:52.694906 app_togocel_processing_bln.c:1028 < APP > trimstring(): Output Value is '90366718'
2019-10-24 16:36:52.694910 app_togocel_processing_bln.c:1029 < APP > trimstring(): Leaving the function
2019-10-24 16:36:52.694914 app_togocel_processing_bln.c:628 < APP > handle_conversion_rules(): Field EL_B_NUMBER is '90366718'
2019-10-24 16:36:52.694918 app_togocel_processing_bln.c:634 < APP > handle_conversion_rules(): EL_CALL_DATE conversion rules.
2019-10-24 16:36:52.694923 app_togocel_processing_bln.c:222 < APP > iGet(): I_CHARGING_START_TIME          = [20190830133329]
2019-10-24 16:36:52.694929 app_togocel_processing_bln.c:947 < APP > Entering convert_date_time() function
2019-10-24 16:36:52.694934 app_togocel_processing_bln.c:955 < APP > Entering convert_date_time() function : Initialized the variables
2019-10-24 16:36:52.694938 app_togocel_processing_bln.c:958 < APP > convert_date_time(): year=[2019]
2019-10-24 16:36:52.694942 app_togocel_processing_bln.c:960 < APP > convert_date_time(): month=[08]
2019-10-24 16:36:52.694945 app_togocel_processing_bln.c:962 < APP > convert_date_time(): date=[30]
2019-10-24 16:36:52.694949 app_togocel_processing_bln.c:964 < APP > convert_date_time(): hours=[13]
2019-10-24 16:36:52.694953 app_togocel_processing_bln.c:966 < APP > convert_date_time(): mins=[33]
2019-10-24 16:36:52.694957 app_togocel_processing_bln.c:968 < APP > convert_date_time(): seconds=[29]
2019-10-24 16:36:52.694962 app_togocel_processing_bln.c:971 < APP > convert_date_time(): applying convertion rules,el_date_time=[2019-08-30 13:33:29]
2019-10-24 16:36:52.694966 app_togocel_processing_bln.c:642 < APP > el_call_date_t '2019-08-30 13:33:29'
2019-10-24 16:36:52.694970 app_togocel_processing_bln.c:644 < APP > handle_conversion_rules(): Field EL_CALL_DATE is '20190830133329'
2019-10-24 16:36:52.694975 app_togocel_processing_bln.c:651 < APP > handle_conversion_rules(): EL_CALL_DURATION conversion rules.
2019-10-24 16:36:52.694980 app_togocel_processing_bln.c:1228 < APP > convert_to_epoch(): Entering the function
2019-10-24 16:36:52.694984 app_togocel_processing_bln.c:1229 < APP > convert_to_epoch() - input date = [20190830133329] 
2019-10-24 16:36:52.694996 app_togocel_processing_bln.c:1239 < APP > convert_to_epoch() - output epoch date = [1567161209] 
2019-10-24 16:36:52.695000 app_togocel_processing_bln.c:1240 < APP > convert_to_epoch(): Leaving the function
2019-10-24 16:36:52.695004 app_togocel_processing_bln.c:1228 < APP > convert_to_epoch(): Entering the function
2019-10-24 16:36:52.695008 app_togocel_processing_bln.c:1229 < APP > convert_to_epoch() - input date = [20190830133433] 
2019-10-24 16:36:52.695013 app_togocel_processing_bln.c:1239 < APP > convert_to_epoch() - output epoch date = [1567161273] 
2019-10-24 16:36:52.695017 app_togocel_processing_bln.c:1240 < APP > convert_to_epoch(): Leaving the function
2019-10-24 16:36:52.695021 app_togocel_processing_bln.c:666 < APP > handle_conversion_rules(): Field EL_CALL_DURATION is '64'
2019-10-24 16:36:52.695025 app_togocel_processing_bln.c:674 < APP > handle_conversion_rules(): EL_NETWORK_TIME conversion rules.
2019-10-24 16:36:52.695029 app_togocel_processing_bln.c:1228 < APP > convert_to_epoch(): Entering the function
2019-10-24 16:36:52.695033 app_togocel_processing_bln.c:1229 < APP > convert_to_epoch() - input date = [20190830133433] 
2019-10-24 16:36:52.695043 app_togocel_processing_bln.c:1239 < APP > convert_to_epoch() - output epoch date = [1567161273] 
2019-10-24 16:36:52.695047 app_togocel_processing_bln.c:1240 < APP > convert_to_epoch(): Leaving the function
2019-10-24 16:36:52.695053 app_togocel_processing_bln.c:1228 < APP > convert_to_epoch(): Entering the function
2019-10-24 16:36:52.695057 app_togocel_processing_bln.c:1229 < APP > convert_to_epoch() - input date = [20190830133320] 
2019-10-24 16:36:52.695062 app_togocel_processing_bln.c:1239 < APP > convert_to_epoch() - output epoch date = [1567161200] 
2019-10-24 16:36:52.695066 app_togocel_processing_bln.c:1240 < APP > convert_to_epoch(): Leaving the function
2019-10-24 16:36:52.695071 app_togocel_processing_bln.c:687 < APP > handle_conversion_rules(): network_time is '73'
2019-10-24 16:36:52.695075 app_togocel_processing_bln.c:690 < APP > handle_conversion_rules(): Field EL_NETWORK_TIME is '73'
2019-10-24 16:36:52.695079 app_togocel_processing_bln.c:694 < APP > handle_conversion_rules(): EL_CAMEL_FLAG conversion rules.
2019-10-24 16:36:52.695083 app_togocel_processing_bln.c:700 < APP > handle_conversion_rules(): Field EL_CAMEL_FLAG is 'N'
2019-10-24 16:36:52.695087 app_togocel_processing_bln.c:705 < APP > handle_conversion_rules(): EL_IMEI_NUMBER conversion rules.
2019-10-24 16:36:52.695092 app_togocel_processing_bln.c:222 < APP > iGet(): I_CALLING_IMEI                 = []
2019-10-24 16:36:52.695096 app_togocel_processing_bln.c:715 < APP > handle_conversion_rules(): Field EL_IMEI_NUMBER is ''
2019-10-24 16:36:52.695101 app_togocel_processing_bln.c:722 < APP > handle_conversion_rules(): EL_IMSI conversion rules.
2019-10-24 16:36:52.695105 app_togocel_processing_bln.c:222 < APP > iGet(): I_CALLING_IMSI                 = [615010110537971]
2019-10-24 16:36:52.695110 app_togocel_processing_bln.c:731 < APP > handle_conversion_rules(): Field EL_IMSI is '615010110537971'
2019-10-24 16:36:52.695114 app_togocel_processing_bln.c:737 < APP > handle_conversion_rules(): EL_Surpay_updated_Location_info conversion rules.
2019-10-24 16:36:52.695119 app_togocel_processing_bln.c:222 < APP > iGet(): I_CALLING_SUBS_FIRST_CI        = [6105]
2019-10-24 16:36:52.695124 app_togocel_processing_bln.c:222 < APP > iGet(): I_CALLING_SUBS_FIRST_LAC       = [228]
2019-10-24 16:36:52.695129 app_togocel_processing_bln.c:222 < APP > iGet(): I_CALLING_SUBS_FIRST_MNC       = [01]
2019-10-24 16:36:52.695134 app_togocel_processing_bln.c:222 < APP > iGet(): I_CALLING_SUBS_FIRST_MCC       = [615]
